Arguments: 
  /usr/local/Cellar/node/11.11.0/bin/node /usr/local/Cellar/yarn/1.13.0/libexec/bin/yarn.js publish

PATH: 
  /usr/local/bin:/usr/bin:/bin:/usr/sbin:/sbin:/usr/local/share/dotnet:~/.dotnet/tools:/Library/Frameworks/Mono.framework/Versions/Current/Commands:/Applications/Xamarin Workbooks.app/Contents/SharedSupport/path-bin

Yarn version: 
  1.13.0

Node version: 
  11.11.0

Platform: 
  darwin x64

Trace: 
  Error: canceled
      at Interface.<anonymous> (/usr/local/Cellar/yarn/1.13.0/libexec/lib/cli.js:125657:13)
      at Interface.emit (events.js:197:13)
      at Interface._ttyWrite (readline.js:820:16)
      at ReadStream.onkeypress (readline.js:184:10)
      at ReadStream.emit (events.js:197:13)
      at emitKeys (internal/readline.js:424:14)
      at emitKeys.next (<anonymous>)
      at ReadStream.onData (readline.js:1093:36)
      at ReadStream.emit (events.js:197:13)
      at addChunk (_stream_readable.js:288:12)

npm manifest: 
  {
      "name": "overnight",
      "displayName": "Overnight",
      "description": "A soft, vibrant color theme adapted from Sarah Drasner's Night Owl & Dan Abramov's fork from Overreacted",
      "version": "1.0.0",
      "repository": {
          "type": "git",
          "url": "https://github.com/cevr/overnight"
      },
      "engines": {
          "vscode": "^1.32.0"
      },
      "publisher": "cev",
      "keywords": [
          "Theme",
          "Dark Theme",
          "Night Owl",
          "Overnight",
          "Overreacted",
          "Night Theme",
          "Accessible Theme"
      ],
      "categories": [
          "Themes"
      ],
      "contributes": {
          "themes": [
              {
                  "label": "Overnight",
                  "uiTheme": "vs-dark",
                  "path": "./themes/Overnight-color-theme.json"
              }
          ]
      },
      "icon": "icon.ico",
      "scripts": {
          "publish": "vsce publish"
      }
  }

yarn manifest: 
  No manifest

Lockfile: 
  No lockfile
